<?xml version="1.0" encoding="UTF-8"?>
<testsuite name="JUnitTest" tests="1" skipped="0" failures="0" errors="0" timestamp="2021-10-19T15:37:23" hostname="DESKTOP-JMRNHUQ" time="0.062">
  <properties/>
  <testcase name="testFunctionality" classname="JUnitTest" time="0.062"/>
  <system-out><![CDATA[Course setter methods successfully tested and working!
Module setter methods successfully tested and working!
Student, Courses and Modules objects successfully created
Create username function works!

Student name: Nikola Banek
Student age: 21
Student username: NikolaBanek21
Student ID: 1274145
Student DOB 11/01/2000
Modules: [
Module name: Mathematics Module ID: 1234, 
Module name: C Programming Module ID: 1235, 
Module name: Statistical Science Module ID: 1236]
Courses: Computer Science
      

Student name: Sean Conroy
Student age: 22
Student username: SeanConroy22
Student ID: 1522313
Student DOB 06/04/1999
Modules: [
Module name: English Language Module ID: 2256, 
Module name: Statistical Science Module ID: 1236, 
Module name: Human Psychology Module ID: 2257]
Courses: Arts Psychology
      

Student name: Steve Jobs
Student age: 34
Student username: SteveJobs34
Student ID: 1101101
Student DOB 01/04/1987
Modules: [
Module name: Mathematics Module ID: 1234, 
Module name: C Programming Module ID: 1235, 
Module name: Statistical Science Module ID: 1236, 
Module name: English Language Module ID: 2256, 
Module name: Human Psychology Module ID: 2257]
Courses: Computer Science
      Arts Psychology
      
Student getter methods successfully tested and working!
]]></system-out>
  <system-err><![CDATA[]]></system-err>
</testsuite>
